<?xml version="1.0" encoding="UTF-8"?>
<!-- Generated by org.testng.reporters.JUnitReportReporter -->
<testsuite hostname="DESKTOP-CDI4FMG" failures="0" tests="1" name="testscripts.Example" time="0.008" errors="0" timestamp="2025-06-15T16:24:35 IST" skipped="0">
  <testcase classname="testscripts.Example" name="data" time="0.008"/>
</testsuite> <!-- testscripts.Example -->
